<?xml version="1.0" encoding="UTF-8"?>
<!-- Generated by org.testng.reporters.JUnitReportReporter -->
<testsuite hostname="edsonhs-lenovo-z50-70" name="com.visa.vdp.cybersource.TestCybersourcePayments" tests="1" failures="0" timestamp="22 Nov 2016 18:50:58 GMT" time="3.625" errors="0">
  <testcase name="testPaymentAuthorizations" time="3.625" classname="com.visa.vdp.cybersource.TestCybersourcePayments"/>
</testsuite> <!-- com.visa.vdp.cybersource.TestCybersourcePayments -->
